<?xml version="1.0" encoding="UTF-8" ?>
<testsuite tests="14" failures="0" name="testRunner.TestRunner" time="0.074" errors="1" skipped="0">
  <properties>
[...]
</properties>
  <testcase classname="| zzDummyAutoTestItem | Test | Test | 07/10/2019 | Winter | 2019 | Test | Apparel Consolidation | EACH | 991 - APPAREL DUMMY DEPT | Private | Generic | ADVANCE | Fashion Line |" name="Given Login Dss+ Application with Valid User Details" time="0.003"/>
  <testcase classname="| zzDummyAutoTestItem | Test | Test | 07/10/2019 | Winter | 2019 | Test | Apparel Consolidation | EACH | 991 - APPAREL DUMMY DEPT | Private | Generic | ADVANCE | Fashion Line |" name="When User is on Home Page Click on New Item Tab and Click Create New Item" time="0"/>
  <testcase classname="| zzDummyAutoTestItem | Test | Test | 07/10/2019 | Winter | 2019 | Test | Apparel Consolidation | EACH | 991 - APPAREL DUMMY DEPT | Private | Generic | ADVANCE | Fashion Line |" name="And Enter the Required Field Values for &quot;zzDummyAutoTestItem&quot; &quot;Test&quot; &quot;Test&quot; &quot;07/10/2019&quot; &quot;Generic&quot; &quot;Winter&quot; &quot;2019&quot; &quot;Test&quot; &quot;Apparel Consolidation&quot; &quot;EACH&quot; &quot;991 - APPAREL DUMMY DEPT&quot; &quot;Private&quot; &quot;ADVANCE&quot; &quot;Fashion Line&quot;in Header Tab and Click Save" time="0"/>
  <testcase classname="| zzDummyAutoTestItem | Test | Test | 07/10/2019 | Winter | 2019 | Test | Apparel Consolidation | EACH | 991 - APPAREL DUMMY DEPT | Private | Generic | ADVANCE | Fashion Line |" name="And Enter the Required Field Values for Colour Tab" time="0"/>
  <testcase classname="| zzDummyAutoTestItem | Test | Test | 07/10/2019 | Winter | 2019 | Test | Apparel Consolidation | EACH | 991 - APPAREL DUMMY DEPT | Private | Generic | ADVANCE | Fashion Line |" name="And Enter the Required Field Values for Requirement Tab" time="0"/>
  <testcase classname="| zzDummyAutoTestItem | Test | Test | 07/10/2019 | Winter | 2019 | Test | Apparel Consolidation | EACH | 991 - APPAREL DUMMY DEPT | Private | Generic | ADVANCE | Fashion Line |" name="And Enter the Required Field Values for Specification Tab" time="0"/>
  <testcase classname="| zzDummyAutoTestItem | Test | Test | 07/10/2019 | Winter | 2019 | Test | Apparel Consolidation | EACH | 991 - APPAREL DUMMY DEPT | Private | Generic | ADVANCE | Fashion Line |" name="Then The Values Should be Saved Successfully" time="0"/>
  <testcase classname="| zzDummyAutoTestItem | Test | Test | 07/10/2019 | Winter | 2019 | Test | Apparel Consolidation | EACH | 991 - APPAREL DUMMY DEPT | Private | Generic | ADVANCE | Fashion Line |" name="| zzDummyAutoTestItem | Test | Test | 07/10/2019 | Winter | 2019 | Test | Apparel Consolidation | EACH | 991 - APPAREL DUMMY DEPT | Private | Generic | ADVANCE | Fashion Line |" time="0.001"/>
  <testcase classname="| zzDummyAutoTestItem | Test | Test | 30/09/2019 | Winter | 2019 | Test | Apparel Consolidation | EACH |  | Private | Generic | ADVANCE | Fashion Line |" name="Given Login Dss+ Application with Valid User Details" time="0"/>
  <testcase classname="| zzDummyAutoTestItem | Test | Test | 30/09/2019 | Winter | 2019 | Test | Apparel Consolidation | EACH |  | Private | Generic | ADVANCE | Fashion Line |" name="When User is on Home Page Click on New Item Tab and Click Create New Item" time="0"/>
  <testcase classname="| zzDummyAutoTestItem | Test | Test | 30/09/2019 | Winter | 2019 | Test | Apparel Consolidation | EACH |  | Private | Generic | ADVANCE | Fashion Line |" name="And Enter the Required Field Values for &quot;zzDummyAutoTestItem&quot; &quot;Test&quot; &quot;Test&quot; &quot;30/09/2019&quot; &quot;Generic&quot; &quot;Winter&quot; &quot;2019&quot; &quot;Test&quot; &quot;Apparel Consolidation&quot; &quot;EACH&quot; &quot;&quot; &quot;Private&quot; &quot;ADVANCE&quot; &quot;Fashion Line&quot;in Header Tab and Click Save" time="0"/>
  <testcase classname="| zzDummyAutoTestItem | Test | Test | 30/09/2019 | Winter | 2019 | Test | Apparel Consolidation | EACH |  | Private | Generic | ADVANCE | Fashion Line |" name="Then The Warning Message Should be displayed Successfully as &quot;Product Category: Mandatory field is missing.&quot;" time="0"/>
  <testcase classname="| zzDummyAutoTestItem | Test | Test | 30/09/2019 | Winter | 2019 | Test | Apparel Consolidation | EACH |  | Private | Generic | ADVANCE | Fashion Line |" name="| zzDummyAutoTestItem | Test | Test | 30/09/2019 | Winter | 2019 | Test | Apparel Consolidation | EACH |  | Private | Generic | ADVANCE | Fashion Line |" time="0.001"/>
  <testcase classname="testRunner.TestRunner" name="testRunner.TestRunner" time="0.069">
    <error type="java.lang.NullPointerException">java.lang.NullPointerException
	at com.vimalselvam.cucumber.listener.Reporter.loadXMLConfig(Reporter.java:66)
	at testRunner.TestRunner.writeExtentReport(TestRunner.java:42)
	at sun.reflect.NativeMethodAccessorImpl.invoke0(Native Method)
	at sun.reflect.NativeMethodAccessorImpl.invoke(Unknown Source)
	at sun.reflect.DelegatingMethodAccessorImpl.invoke(Unknown Source)
	at java.lang.reflect.Method.invoke(Unknown Source)
	at org.junit.runners.model.FrameworkMethod$1.runReflectiveCall(FrameworkMethod.java:50)
	at org.junit.internal.runners.model.ReflectiveCallable.run(ReflectiveCallable.java:12)
	at org.junit.runners.model.FrameworkMethod.invokeExplosively(FrameworkMethod.java:47)
	at org.junit.internal.runners.statements.RunAfters.evaluate(RunAfters.java:33)
	at org.junit.runners.ParentRunner.run(ParentRunner.java:363)
	at cucumber.api.junit.Cucumber.run(Cucumber.java:100)
	at org.apache.maven.surefire.junit4.JUnit4Provider.execute(JUnit4Provider.java:252)
	at org.apache.maven.surefire.junit4.JUnit4Provider.executeTestSet(JUnit4Provider.java:141)
	at org.apache.maven.surefire.junit4.JUnit4Provider.invoke(JUnit4Provider.java:112)
	at sun.reflect.NativeMethodAccessorImpl.invoke0(Native Method)
	at sun.reflect.NativeMethodAccessorImpl.invoke(Unknown Source)
	at sun.reflect.DelegatingMethodAccessorImpl.invoke(Unknown Source)
	at java.lang.reflect.Method.invoke(Unknown Source)
	at org.apache.maven.surefire.util.ReflectionUtils.invokeMethodWithArray(ReflectionUtils.java:189)
	at org.apache.maven.surefire.booter.ProviderFactory$ProviderProxy.invoke(ProviderFactory.java:165)
	at org.apache.maven.surefire.booter.ProviderFactory.invokeProvider(ProviderFactory.java:85)
	at org.apache.maven.surefire.booter.ForkedBooter.runSuitesInProcess(ForkedBooter.java:115)
	at org.apache.maven.surefire.booter.ForkedBooter.main(ForkedBooter.java:75)
</error>
    <system-out>
  Scenario Outline: Invite Vendor without  Mandatory Input Data for Department                                                                                                                                                 &amp;#27;[90m# features/Item.feature:24&amp;#27;[0m
    &amp;#27;[32mGiven &amp;#27;[0m&amp;#27;[32mLogin Dss+ Application with Valid User Details&amp;#27;[0m                                                                                                                                                                       &amp;#27;[90m# StepDefinitions.login_Dss_Application_with_Valid_User_Details()&amp;#27;[0m
    &amp;#27;[32mWhen &amp;#27;[0m&amp;#27;[32mUser is on Home Page Click on New Item Tab and Click Create New Item&amp;#27;[0m                                                                                                                                                  &amp;#27;[90m# StepDefinitions.user_is_on_Home_Page_Click_on_New_Item_Tab_and_Click_Create_New_Item()&amp;#27;[0m
    &amp;#27;[32mAnd &amp;#27;[0m&amp;#27;[32mEnter the Required Field Values for &quot;&amp;#27;[0m&amp;#27;[32m&amp;#27;[1mzzDummyAutoTestItem&amp;#27;[0m&amp;#27;[32m&quot; &quot;&amp;#27;[0m&amp;#27;[32m&amp;#27;[1mTest&amp;#27;[0m&amp;#27;[32m&quot; &quot;&amp;#27;[0m&amp;#27;[32m&amp;#27;[1mTest&amp;#27;[0m&amp;#27;[32m&quot; &quot;&amp;#27;[0m&amp;#27;[32m&amp;#27;[1m30/09/2019&amp;#27;[0m&amp;#27;[32m&quot; &quot;&amp;#27;[0m&amp;#27;[32m&amp;#27;[1mGeneric&amp;#27;[0m&amp;#27;[32m&quot; &quot;&amp;#27;[0m&amp;#27;[32m&amp;#27;[1mWinter&amp;#27;[0m&amp;#27;[32m&quot; &quot;&amp;#27;[0m&amp;#27;[32m&amp;#27;[1m2019&amp;#27;[0m&amp;#27;[32m&quot; &quot;&amp;#27;[0m&amp;#27;[32m&amp;#27;[1mTest&amp;#27;[0m&amp;#27;[32m&quot; &quot;&amp;#27;[0m&amp;#27;[32m&amp;#27;[1mApparel Consolidation&amp;#27;[0m&amp;#27;[32m&quot; &quot;&amp;#27;[0m&amp;#27;[32m&amp;#27;[1mEACH&amp;#27;[0m&amp;#27;[32m&quot; &quot;&amp;#27;[0m&amp;#27;[32m&amp;#27;[1m&amp;#27;[0m&amp;#27;[32m&quot; &quot;&amp;#27;[0m&amp;#27;[32m&amp;#27;[1mPrivate&amp;#27;[0m&amp;#27;[32m&quot; &quot;&amp;#27;[0m&amp;#27;[32m&amp;#27;[1mADVANCE&amp;#27;[0m&amp;#27;[32m&quot; &quot;&amp;#27;[0m&amp;#27;[32m&amp;#27;[1mFashion Line&amp;#27;[0m&amp;#27;[32m&quot;in Header Tab and Click Save&amp;#27;[0m &amp;#27;[90m# StepDefinitions.enter_the_Required_Field_Values_for_in_Header_Tab_and_Click_Save(String,String,String,String,String,String,String,String,String,String,String,String,String,String)&amp;#27;[0m
    &amp;#27;[32mThen &amp;#27;[0m&amp;#27;[32mThe Warning Message Should be displayed Successfully as &quot;&amp;#27;[0m&amp;#27;[32m&amp;#27;[1mProduct Category: Mandatory field is missing.&amp;#27;[0m&amp;#27;[32m&quot;&amp;#27;[0m                                                                                                               &amp;#27;[90m# StepDefinitions.the_Warning_Message_Should_be_displayed_Successfully_as(String)&amp;#27;[0m
</system-out>
  </testcase>
</testsuite>